#-----------------------------------------------------------
# Vivado v2018.2 (64-bit)
# SW Build 2258646 on Thu Jun 14 20:03:12 MDT 2018
# IP Build 2256618 on Thu Jun 14 22:10:49 MDT 2018
# Start of session at: Tue Jun  4 13:32:30 2019
# Process ID: 7944
# Current directory: C:/Users/dell/Desktop/spartan_uart
# Command line: vivado.exe -gui_launcher_event rodinguilauncherevent5708 C:\Users\dell\Desktop\spartan_uart\spartan_uart.xpr
# Log file: C:/Users/dell/Desktop/spartan_uart/vivado.log
# Journal file: C:/Users/dell/Desktop/spartan_uart\vivado.jou
#-----------------------------------------------------------
start_gui
open_project C:/Users/dell/Desktop/spartan_uart/spartan_uart.xpr
INFO: [Project 1-313] Project file moved from 'D:/zynq/spartan_uart' since last save.
Scanning sources...
Finished scanning sources
INFO: [IP_Flow 19-234] Refreshing IP repositories
INFO: [IP_Flow 19-1704] No user IP repositories specified
INFO: [IP_Flow 19-2313] Loaded Vivado IP repository 'C:/Xilinx/Vivado/2018.2/data/ip'.
open_project: Time (s): cpu = 00:00:26 ; elapsed = 00:00:19 . Memory (MB): peak = 979.801 ; gain = 236.531
update_compile_order -fileset sources_1
exit
INFO: [Common 17-206] Exiting Vivado at Tue Jun  4 13:33:36 2019...
